<?xml version="1.0" encoding="UTF-8"?>
<testng-results skipped="0" failed="0" ignored="0" total="1" passed="1">
  <reporter-output>
  </reporter-output>
  <suite name="Default suite" duration-ms="4656" started-at="2023-01-13T15:18:48 IST" finished-at="2023-01-13T15:18:53 IST">
    <groups>
    </groups>
    <test name="Default test" duration-ms="4656" started-at="2023-01-13T15:18:48 IST" finished-at="2023-01-13T15:18:53 IST">
      <class name="workingWithPom.RedBus">
        <test-method status="PASS" signature="redbus()[pri:0, instance:workingWithPom.RedBus@15d0c81b]" name="redbus" duration-ms="4624" started-at="2023-01-13T15:18:48 IST" finished-at="2023-01-13T15:18:53 IST">
          <reporter-output>
          </reporter-output>
        </test-method> <!-- redbus -->
      </class> <!-- workingWithPom.RedBus -->
    </test> <!-- Default test -->
  </suite> <!-- Default suite -->
</testng-results>
