<?xml version="1.0" encoding="UTF-8"?>
<!-- Generated by org.testng.reporters.JUnitXMLReporter -->
<testsuite hostname="TYSS-Prem" ignored="0" name="Bike" tests="4" failures="0" timestamp="2023-01-03T15:27:26 IST" time="69.197" errors="0">
  <testcase name="openingBikes" time="22.698" classname="bikes.TC_Bikes_001"/>
  <testcase name="openingBikes" time="14.68" classname="bikes.TC_Bikes_002"/>
  <testcase name="openingBikes" time="20.621" classname="bikes.TC_Bikes_003"/>
  <testcase name="openingBikes" time="11.157" classname="bikes.TC_Bikes_004"/>
</testsuite> <!-- Bike -->
