<?xml version="1.0" encoding="UTF-8"?>
<!-- Generated by org.testng.reporters.JUnitXMLReporter -->
<testsuite hostname="TYSS-Prem" ignored="0" name="Cars" tests="4" failures="0" timestamp="2023-01-03T15:27:37 IST" time="80.459" errors="0">
  <testcase name="openingcars" time="24.49" classname="cars.TC_cars_001"/>
  <testcase name="openingcars" time="26.248" classname="cars.TC_cars_002"/>
  <testcase name="openingcars" time="12.741" classname="cars.TC_cars_003"/>
  <testcase name="openingcars" time="16.947" classname="cars.TC_cars_004"/>
</testsuite> <!-- Cars -->
