<?xml version="1.0" encoding="UTF-8"?>
<!-- Generated by org.testng.reporters.JUnitXMLReporter -->
<testsuite hostname="TYSS-Prem" ignored="2" name="Test2" tests="1" failures="0" timestamp="2023-01-12T16:58:56 IST" time="6.306" errors="0">
  <testcase name="demowebShop" time="4.595" classname="WorkingWithScreenShotsOfFailedTestCase.TestClass"/>
  <testcase name="google" time="0.0" classname="WorkingWithScreenShotsOfFailedTestCase.TestClass">
    <ignored/>
  </testcase> <!-- google -->
  <testcase name="workingWithTest" time="0.0" classname="WorkingWithScreenShotsOfFailedTestCase.TestClass">
    <ignored/>
  </testcase> <!-- workingWithTest -->
</testsuite> <!-- Test2 -->
