<?xml version="1.0" encoding="UTF-8"?>
<!-- Generated by org.testng.reporters.JUnitXMLReporter -->
<testsuite hostname="TYSS-Prem" ignored="2" name="Test1" tests="1" failures="1" timestamp="2023-01-12T16:58:50 IST" time="8.919" errors="0">
  <testcase name="google" time="6.493" classname="WorkingWithScreenShotsOfFailedTestCase.TestClass">
    <failure type="java.lang.AssertionError" message="The following asserts failed:
	Title mismatched expected [Google] but found [H y r tutorials - Google Search]">
      <![CDATA[java.lang.AssertionError: The following asserts failed:
Title mismatched expected [Google] but found [H y r tutorials - Google Search]
at WorkingWithScreenShotsOfFailedTestCase.TestClass.google(TestClass.java:27)
at java.util.ArrayList.forEach(ArrayList.java:1259)
... Removed 29 stack frames]]>
    </failure>
  </testcase> <!-- google -->
  <testcase name="demowebShop" time="0.0" classname="WorkingWithScreenShotsOfFailedTestCase.TestClass">
    <ignored/>
  </testcase> <!-- demowebShop -->
  <testcase name="workingWithTest" time="0.0" classname="WorkingWithScreenShotsOfFailedTestCase.TestClass">
    <ignored/>
  </testcase> <!-- workingWithTest -->
</testsuite> <!-- Test1 -->
