<?xml version="1.0" encoding="UTF-8"?>
<!-- Generated by org.testng.reporters.JUnitXMLReporter -->
<testsuite hostname="TYSS-Prem" ignored="2" name="test 2" tests="3" failures="0" timestamp="2023-01-10T12:34:25 IST" time="0.01" errors="0">
  <testcase name="test8" time="0.001" classname="workingWithGrouping.Test3"/>
  <testcase name="test9" time="0.0" classname="workingWithGrouping.Test3"/>
  <testcase name="test10" time="0.001" classname="workingWithGrouping.Test4"/>
  <testcase name="test11" time="0.0" classname="workingWithGrouping.Test4">
    <ignored/>
  </testcase> <!-- test11 -->
  <testcase name="test7" time="0.0" classname="workingWithGrouping.Test3">
    <ignored/>
  </testcase> <!-- test7 -->
</testsuite> <!-- test 2 -->
