<?xml version="1.0" encoding="UTF-8"?>
<!-- Generated by org.testng.reporters.JUnitXMLReporter -->
<testsuite hostname="TYSS-Prem" ignored="2" name="Test3" tests="1" failures="0" timestamp="2023-01-12T16:59:07 IST" time="11.205" errors="0">
  <testcase name="workingWithTest" time="10.078" classname="WorkingWithScreenShotsOfFailedTestCase.TestClass"/>
  <testcase name="google" time="0.0" classname="WorkingWithScreenShotsOfFailedTestCase.TestClass">
    <ignored/>
  </testcase> <!-- google -->
  <testcase name="demowebShop" time="0.0" classname="WorkingWithScreenShotsOfFailedTestCase.TestClass">
    <ignored/>
  </testcase> <!-- demowebShop -->
</testsuite> <!-- Test3 -->
